<?xml version="1.0" encoding="UTF-8"?>
<!-- Generated by org.testng.reporters.JUnitReportReporter -->
<testsuite skipped="0" hostname="User" name="com.ijmeet.testcases.SignInTest" tests="1" failures="0" timestamp="27 Aug 2020 07:54:02 GMT" time="52.074" errors="0">
  <testcase name="tc_001" time="52.074" classname="com.ijmeet.testcases.SignInTest"/>
</testsuite> <!-- com.ijmeet.testcases.SignInTest -->
