<?xml version="1.0" encoding="UTF-8"?>
<!-- Generated by org.testng.reporters.JUnitReportReporter -->
<<<<<<< HEAD
<testsuite skipped="0" hostname="Kanishk" name="com.ijmeet.testcases.LoginPageTest" tests="1" failures="0" timestamp="2020-08-23T23:43:04 IST" time="69.657" errors="0">
  <testcase name="tc_001" time="69.657" classname="com.ijmeet.testcases.LoginPageTest"/>
  <system-out/>
=======
<testsuite skipped="0" hostname="User" name="com.ijmeet.testcases.LoginPageTest" tests="1" failures="0" timestamp="24 Aug 2020 13:55:21 GMT" time="109.951" errors="0">
  <testcase name="tc_001" time="109.951" classname="com.ijmeet.testcases.LoginPageTest"/>
>>>>>>> 4ffbe6e670a11c287fe3e62fca989cdb6c636d6b
</testsuite> <!-- com.ijmeet.testcases.LoginPageTest -->
