<?xml version="1.0" encoding="UTF-8"?>
<!-- Generated by org.testng.reporters.JUnitReportReporter -->
<testsuite skipped="0" hostname="User" name="testRunner.TestRun" tests="1" failures="0" timestamp="08 Sep 2020 18:13:17 GMT" time="28.311" errors="0">
  <testcase name="feature" time="28.311" classname="testRunner.TestRun"/>
</testsuite> <!-- testRunner.TestRun -->
