<?xml version="1.0" encoding="UTF-8"?>
<!-- Generated by org.testng.reporters.JUnitReportReporter -->
<testsuite skipped="0" hostname="DESKTOP-K6GDCVP" name="com.ijmeet.testcases.SignInTest" tests="1" failures="0" timestamp="12 Sep 2020 09:32:43 GMT" time="32.905" errors="0">
  <testcase name="tc_001" time="32.905" classname="com.ijmeet.testcases.SignInTest"/>
</testsuite> <!-- com.ijmeet.testcases.SignInTest -->
