<?xml version="1.0" encoding="UTF-8"?>
<!-- Generated by org.testng.reporters.JUnitReportReporter -->
<testsuite skipped="0" hostname="DESKTOP-K6GDCVP" name="com.ijmeet.testcases.HostMeetingTest" tests="1" failures="0" timestamp="13 Sep 2020 13:29:12 GMT" time="87.481" errors="0">
  <testcase name="isFooterLinksClickable" time="87.481" classname="com.ijmeet.testcases.HostMeetingTest"/>
</testsuite> <!-- com.ijmeet.testcases.HostMeetingTest -->
